#
# There is insufficient memory for the Java Runtime Environment to continue.
# Native memory allocation (mmap) failed to map 130023424 bytes for Failed to commit area from 0x0000000085800000 to 0x000000008d400000 of length 130023424.
# Possible reasons:
#   The system is out of physical RAM or swap space
#   The process is running with CompressedOops enabled, and the Java Heap may be blocking the growth of the native heap
# Possible solutions:
#   Reduce memory load on the system
#   Increase physical memory or swap space
#   Check if swap backing store is full
#   Decrease Java heap size (-Xmx/-Xms)
#   Decrease number of Java threads
#   Decrease Java thread stack sizes (-Xss)
#   Set larger code cache with -XX:ReservedCodeCacheSize=
# This output file may be truncated or incomplete.
#
#  Out of Memory Error (./src/hotspot/os/windows/os_windows.cpp:3301), pid=1396, tid=86568
#
# JRE version:  (11.0.11+9) (build )
# Java VM: OpenJDK 64-Bit Server VM (11.0.11+9-b1341.57, mixed mode, sharing, tiered, compressed oops, g1 gc, windows-amd64)
# No core dump will be written. Minidumps are not enabled by default on client versions of Windows
#

---------------  S U M M A R Y ------------

Command Line: org.jetbrains.git4idea.http.GitAskPassApp Username for 'http://api.xsq-inc.com:8200': 

Host: Intel(R) Core(TM) i5-10400 CPU @ 2.90GHz, 12 cores, 7G,  Windows 10 , 64 bit Build 22000 (10.0.22000.708)
Time: Mon Jul 25 20:33:41 2022 中国标准时间 elapsed time: 0.015406 seconds (0d 0h 0m 0s)

---------------  T H R E A D  ---------------

Current thread (0x0000015de5b31000):  JavaThread "Unknown thread" [_thread_in_vm, id=86568, stack(0x0000003d92d00000,0x0000003d92e00000)]

Stack: [0x0000003d92d00000,0x0000003d92e00000]
Native frames: (J=compiled Java code, j=interpreted, Vv=VM code, C=native code)
V  [jvm.dll+0x5f5c8a]
V  [jvm.dll+0x779405]
V  [jvm.dll+0x77aa1d]
V  [jvm.dll+0x77b0d3]
V  [jvm.dll+0x244bc8]
V  [jvm.dll+0x5f3084]
V  [jvm.dll+0x5e7fe5]
V  [jvm.dll+0x30098b]
V  [jvm.dll+0x3008fa]
V  [jvm.dll+0x3007d2]
V  [jvm.dll+0x3056b6]
V  [jvm.dll+0x34e353]
V  [jvm.dll+0x34ea56]
V  [jvm.dll+0x34e453]
V  [jvm.dll+0x2db398]
V  [jvm.dll+0x2dc547]
V  [jvm.dll+0x757bf7]
V  [jvm.dll+0x7593ec]
V  [jvm.dll+0x35b8d9]
V  [jvm.dll+0x73b38e]
V  [jvm.dll+0x3c3cc3]
V  [jvm.dll+0x3c60e1]
C  [jli.dll+0x5373]
C  [ucrtbase.dll+0x26c0c]
C  [KERNEL32.DLL+0x154e0]
C  [ntdll.dll+0x485b]


---------------  P R O C E S S  ---------------

Threads class SMR info:
_java_thread_list=0x0000015de3909bd0, length=0, elements={
}

Java Threads: ( => current thread )

Other Threads:
  0x0000015de5b48000 GCTaskThread "GC Thread#0" [stack: 0x0000003d92e00000,0x0000003d92f00000] [id=73772]
  0x0000015de5b77800 ConcurrentGCThread "G1 Main Marker" [stack: 0x0000003d92f00000,0x0000003d93000000] [id=72288]
  0x0000015de5b79000 ConcurrentGCThread "G1 Conc#0" [stack: 0x0000003d93000000,0x0000003d93100000] [id=14056]

[error occurred during error reporting (printing all threads), id 0xc0000005, EXCEPTION_ACCESS_VIOLATION (0xc0000005) at pc=0x00007ff9e1ddb9f7]

VM state:not at safepoint (not fully initialized)

VM Mutex/Monitor currently owned by a thread:  ([mutex/lock_event])
[0x0000015de5b2c4d0] Heap_lock - owner thread: 0x0000015de5b31000

Heap address: 0x0000000085800000, size: 1960 MB, Compressed Oops mode: Non-zero based: 0x0000000085800000
Narrow klass base: 0x0000000000000000, Narrow klass shift: 0

GC Heap History (0 events):
No events

Deoptimization events (0 events):
No events

Classes redefined (0 events):
No events

Internal exceptions (0 events):
No events

Events (1 events):
Event: 0.008 Loaded shared library D:\GoLand 2021.1.3\jbr\bin\zip.dll


Dynamic libraries:
0x00007ff680950000 - 0x00007ff68095a000 	D:\GoLand 2021.1.3\jbr\bin\java.exe
0x00007ffa29ae0000 - 0x00007ffa29ce9000 	C:\WINDOWS\SYSTEM32\ntdll.dll
0x00007ffa28850000 - 0x00007ffa2890d000 	C:\WINDOWS\System32\KERNEL32.DLL
0x00007ffa27460000 - 0x00007ffa277d9000 	C:\WINDOWS\System32\KERNELBASE.dll
0x00007ffa270b0000 - 0x00007ffa271c1000 	C:\WINDOWS\System32\ucrtbase.dll
0x00007ffa0eec0000 - 0x00007ffa0eed9000 	D:\GoLand 2021.1.3\jbr\bin\jli.dll
0x00007ffa21d00000 - 0x00007ffa21d17000 	D:\GoLand 2021.1.3\jbr\bin\VCRUNTIME140.dll
0x00007ffa28a10000 - 0x00007ffa28bbc000 	C:\WINDOWS\System32\USER32.dll
0x00007ffa277e0000 - 0x00007ffa27806000 	C:\WINDOWS\System32\win32u.dll
0x00007ffa28d30000 - 0x00007ffa28d59000 	C:\WINDOWS\System32\GDI32.dll
0x00007ffa0b0b0000 - 0x00007ffa0b355000 	C:\WINDOWS\WinSxS\amd64_microsoft.windows.common-controls_6595b64144ccf1df_6.0.22000.120_none_9d947278b86cc467\COMCTL32.dll
0x00007ffa27340000 - 0x00007ffa27452000 	C:\WINDOWS\System32\gdi32full.dll
0x00007ffa299c0000 - 0x00007ffa29a63000 	C:\WINDOWS\System32\msvcrt.dll
0x00007ffa27810000 - 0x00007ffa278ad000 	C:\WINDOWS\System32\msvcp_win.dll
0x00007ffa27fa0000 - 0x00007ffa27fd1000 	C:\WINDOWS\System32\IMM32.DLL
0x00007ff9ee4a0000 - 0x00007ff9ee53d000 	D:\GoLand 2021.1.3\jbr\bin\msvcp140.dll
0x00007ff9e1af0000 - 0x00007ff9e2639000 	D:\GoLand 2021.1.3\jbr\bin\server\jvm.dll
0x00007ffa28680000 - 0x00007ffa2872e000 	C:\WINDOWS\System32\ADVAPI32.dll
0x00007ffa28730000 - 0x00007ffa287ce000 	C:\WINDOWS\System32\sechost.dll
0x00007ffa27d50000 - 0x00007ffa27e70000 	C:\WINDOWS\System32\RPCRT4.dll
0x00007ffa280d0000 - 0x00007ffa280d8000 	C:\WINDOWS\System32\PSAPI.DLL
0x00007ffa13140000 - 0x00007ffa13173000 	C:\WINDOWS\SYSTEM32\WINMM.dll
0x00007ffa1f400000 - 0x00007ffa1f40a000 	C:\WINDOWS\SYSTEM32\VERSION.dll
0x00007ffa23540000 - 0x00007ffa23549000 	C:\WINDOWS\SYSTEM32\WSOCK32.dll
0x00007ffa28cc0000 - 0x00007ffa28d2f000 	C:\WINDOWS\System32\WS2_32.dll
0x00007ffa26080000 - 0x00007ffa26098000 	C:\WINDOWS\SYSTEM32\kernel.appcore.dll
0x00007ffa17520000 - 0x00007ffa17531000 	D:\GoLand 2021.1.3\jbr\bin\verify.dll
0x00007ffa24b00000 - 0x00007ffa24d21000 	C:\WINDOWS\SYSTEM32\DBGHELP.DLL
0x00007ffa142e0000 - 0x00007ffa14311000 	C:\WINDOWS\SYSTEM32\dbgcore.DLL
0x00007ffa26fc0000 - 0x00007ffa2703f000 	C:\WINDOWS\System32\bcryptPrimitives.dll
0x00007ffa140b0000 - 0x00007ffa140d9000 	D:\GoLand 2021.1.3\jbr\bin\java.dll
0x00007ffa234f0000 - 0x00007ffa234fb000 	D:\GoLand 2021.1.3\jbr\bin\jimage.dll
0x00007ffa16760000 - 0x00007ffa16778000 	D:\GoLand 2021.1.3\jbr\bin\zip.dll

dbghelp: loaded successfully - version: 4.0.5 - missing functions: none
symbol engine: initialized successfully - sym options: 0x614 - pdb path: .;D:\GoLand 2021.1.3\jbr\bin;C:\WINDOWS\SYSTEM32;C:\WINDOWS\WinSxS\amd64_microsoft.windows.common-controls_6595b64144ccf1df_6.0.22000.120_none_9d947278b86cc467;D:\GoLand 2021.1.3\jbr\bin\server

VM Arguments:
java_command: org.jetbrains.git4idea.http.GitAskPassApp Username for 'http://api.xsq-inc.com:8200': 
java_class_path (initial): D:/GoLand 2021.1.3/plugins/git4idea/lib/git4idea-rt.jar;D:/GoLand 2021.1.3/lib/xmlrpc-2.0.1.jar;D:/GoLand 2021.1.3/lib/commons-codec-1.15.jar
Launcher Type: SUN_STANDARD

[Global flags]
     intx CICompilerCount                          = 4                                         {product} {ergonomic}
     uint ConcGCThreads                            = 3                                         {product} {ergonomic}
     uint G1ConcRefinementThreads                  = 10                                        {product} {ergonomic}
   size_t G1HeapRegionSize                         = 1048576                                   {product} {ergonomic}
    uintx GCDrainStackTargetSize                   = 64                                        {product} {ergonomic}
   size_t InitialHeapSize                          = 130023424                                 {product} {ergonomic}
   size_t MarkStackSize                            = 4194304                                   {product} {ergonomic}
   size_t MaxHeapSize                              = 2055208960                                {product} {ergonomic}
   size_t MinHeapDeltaBytes                        = 1048576                                   {product} {ergonomic}
    uintx NonNMethodCodeHeapSize                   = 5836300                                {pd product} {ergonomic}
    uintx NonProfiledCodeHeapSize                  = 122910970                              {pd product} {ergonomic}
    uintx ProfiledCodeHeapSize                     = 122910970                              {pd product} {ergonomic}
    uintx ReservedCodeCacheSize                    = 251658240                              {pd product} {ergonomic}
     bool SegmentedCodeCache                       = true                                      {product} {ergonomic}
     bool UseCompressedClassPointers               = true                                 {lp64_product} {ergonomic}
     bool UseCompressedOops                        = true                                 {lp64_product} {ergonomic}
     bool UseG1GC                                  = true                                      {product} {ergonomic}
     bool UseLargePagesIndividualAllocation        = false                                  {pd product} {ergonomic}

Logging:
Log output configuration:
 #0: stdout all=warning uptime,level,tags
 #1: stderr all=off uptime,level,tags

Environment Variables:
PATH=D:/Git/mingw64/libexec/git-core;D:/Git/mingw64/libexec/git-core;D:\Git\mingw64\bin;D:\Git\usr\bin;C:\Users\lenovo\bin;C:\WINDOWS\system32;C:\WINDOWS;C:\WINDOWS\System32\Wbem;C:\WINDOWS\System32\WindowsPowerShell\v1.0\;C:\WINDOWS\System32\OpenSSH\;D:\golang\bin;D:\Git\cmd;D:\XShell\;C:\Program Files\Docker\Docker\resources\bin;C:\ProgramData\DockerDesktop\version-bin;C:\Users\lenovo\AppData\Local\Microsoft\WindowsApps;C:\Users\lenovo\go\bin
USERNAME=lenovo
DISPLAY=:0.0
LC_ALL=en_US.UTF-8
OS=Windows_NT
PROCESSOR_IDENTIFIER=Intel64 Family 6 Model 165 Stepping 3, GenuineIntel



---------------  S Y S T E M  ---------------

OS: Windows 10 , 64 bit Build 22000 (10.0.22000.708)
OS uptime: 5 days 3:49 hours
Hyper-V role detected

CPU:total 12 (initial active 12) (6 cores per cpu, 2 threads per core) family 6 model 165 stepping 3 microcode 0xe0, cmov, cx8, fxsr, mmx, sse, sse2, sse3, ssse3, sse4.1, sse4.2, popcnt, avx, avx2, aes, clmul, erms, 3dnowpref, lzcnt, ht, tsc, tscinvbit, bmi1, bmi2, adx, fma

Memory: 4k page, system-wide physical 7835M (356M free)
TotalPageFile size 22471M (AvailPageFile size 82M)
current process WorkingSet (physical memory assigned to process): 10M, peak: 10M
current process commit charge ("private bytes"): 64M, peak: 187M

vm_info: OpenJDK 64-Bit Server VM (11.0.11+9-b1341.57) for windows-amd64 JRE (11.0.11+9-b1341.57), built on May 17 2021 14:33:39 by "" with MS VC++ 14.0 (VS2015)

END.
